<?xml version="1.0" encoding="UTF-8"?>
<testng-results ignored="0" total="1" passed="1" failed="0" skipped="0">
  <reporter-output>
  </reporter-output>
  <suite started-at="2024-03-18T14:15:45 IST" name="Default suite" finished-at="2024-03-18T14:16:11 IST" duration-ms="25469">
    <groups>
    </groups>
    <test started-at="2024-03-18T14:15:45 IST" name="Default test" finished-at="2024-03-18T14:16:11 IST" duration-ms="25469">
      <class name="POMTests.HomePageTest">
        <test-method is-config="true" signature="Setup()[pri:0, instance:POMTests.HomePageTest@1e0b4072]" started-at="2024-03-18T14:15:45 IST" name="Setup" finished-at="2024-03-18T14:16:09 IST" duration-ms="23499" status="PASS">
          <reporter-output>
          </reporter-output>
        </test-method> <!-- Setup -->
        <test-method signature="Home()[pri:1, instance:POMTests.HomePageTest@1e0b4072]" started-at="2024-03-18T14:16:09 IST" name="Home" finished-at="2024-03-18T14:16:11 IST" duration-ms="1897" status="PASS">
          <reporter-output>
          </reporter-output>
        </test-method> <!-- Home -->
      </class> <!-- POMTests.HomePageTest -->
    </test> <!-- Default test -->
  </suite> <!-- Default suite -->
</testng-results>
